<?xml version="1.0" encoding="UTF-8" ?>
<testsuite failures="0" time="0.636" errors="1" skipped="0" tests="1" name="org.apache.camel.example.etl.IntegrationTest">
  <properties>
    <property name="java.runtime.name" value="Java(TM) SE Runtime Environment"/>
    <property name="sun.boot.library.path" value="D:\tools\Java\jre\bin"/>
    <property name="java.vm.version" value="20.10-b01"/>
    <property name="java.vm.vendor" value="Sun Microsystems Inc."/>
    <property name="java.vendor.url" value="http://java.sun.com/"/>
    <property name="path.separator" value=";"/>
    <property name="java.vm.name" value="Java HotSpot(TM) 64-Bit Server VM"/>
    <property name="file.encoding.pkg" value="sun.io"/>
    <property name="user.country" value="US"/>
    <property name="sun.java.launcher" value="SUN_STANDARD"/>
    <property name="sun.os.patch.level" value="Service Pack 1"/>
    <property name="java.vm.specification.name" value="Java Virtual Machine Specification"/>
    <property name="user.dir" value="D:\plugtree\workspace\raas_integration"/>
    <property name="java.runtime.version" value="1.6.0_35-b10"/>
    <property name="java.awt.graphicsenv" value="sun.awt.Win32GraphicsEnvironment"/>
    <property name="basedir" value="D:\plugtree\workspace\raas_integration"/>
    <property name="java.endorsed.dirs" value="D:\tools\Java\jre\lib\endorsed"/>
    <property name="os.arch" value="amd64"/>
    <property name="surefire.real.class.path" value="D:\plugtree\workspace\raas_integration\target\surefire\surefirebooter12490804768505074.jar"/>
    <property name="java.io.tmpdir" value="C:\Users\mario\AppData\Local\Temp\"/>
    <property name="line.separator" value="
"/>
    <property name="java.vm.specification.vendor" value="Sun Microsystems Inc."/>
    <property name="user.variant" value=""/>
    <property name="os.name" value="Windows 7"/>
    <property name="sun.jnu.encoding" value="Cp1252"/>
    <property name="java.library.path" value="D:\tools\Java\jre\bin;C:\Windows\Sun\Java\bin;C:\Windows\system32;C:\Windows;&quot;C:\Program Files\TortoiseSVN\bin&quot;;&quot;C:\Program Files (x86)\Git\cmd&quot;;&quot;C:\Program Files (x86)\Git\bin&quot;;&quot;C:\Program Files (x86)\OpenSSH\bin&quot;;&quot;C:\Program Files\SlikSvn\bin\&quot;;&quot;C:\Program Files (x86)\Calibre2\&quot;;&quot;C:\Program Files (x86)\Windows Live\Shared&quot;;c:\Windows\system32\;C:\Program Files (x86)\QuickTime\QTSystem\;D:\tools\Java\bin;D:\tools\apache-maven-3.0.3\bin;D:\tools\forge-1.0.0.Beta3\bin;c:\Python27\;D:\tools\apache-ant-1.8.4\bin;D:\tools\play-2.0.1;C:\Program Files (x86)\OpenVPN\bin;."/>
    <property name="surefire.test.class.path" value="D:\plugtree\workspace\raas_integration\target\test-classes;D:\plugtree\workspace\raas_integration\target\classes;C:\Users\mario\.m2\repository\org\apache\camel\camel-spring\2.9.2\camel-spring-2.9.2.jar;C:\Users\mario\.m2\repository\org\apache\camel\camel-core\2.9.2\camel-core-2.9.2.jar;C:\Users\mario\.m2\repository\org\springframework\spring-context\3.0.7.RELEASE\spring-context-3.0.7.RELEASE.jar;C:\Users\mario\.m2\repository\org\springframework\spring-core\3.0.7.RELEASE\spring-core-3.0.7.RELEASE.jar;C:\Users\mario\.m2\repository\org\springframework\spring-expression\3.0.7.RELEASE\spring-expression-3.0.7.RELEASE.jar;C:\Users\mario\.m2\repository\org\springframework\spring-asm\3.0.7.RELEASE\spring-asm-3.0.7.RELEASE.jar;C:\Users\mario\.m2\repository\org\springframework\spring-tx\3.0.7.RELEASE\spring-tx-3.0.7.RELEASE.jar;C:\Users\mario\.m2\repository\org\apache\camel\camel-jpa\2.9.2\camel-jpa-2.9.2.jar;C:\Users\mario\.m2\repository\org\springframework\spring-jdbc\3.0.7.RELEASE\spring-jdbc-3.0.7.RELEASE.jar;C:\Users\mario\.m2\repository\org\springframework\spring-orm\3.0.7.RELEASE\spring-orm-3.0.7.RELEASE.jar;C:\Users\mario\.m2\repository\org\apache\camel\camel-jaxb\2.9.2\camel-jaxb-2.9.2.jar;C:\Users\mario\.m2\repository\javax\xml\bind\jaxb-api\2.1\jaxb-api-2.1.jar;C:\Users\mario\.m2\repository\javax\xml\stream\stax-api\1.0-2\stax-api-1.0-2.jar;C:\Users\mario\.m2\repository\javax\activation\activation\1.1\activation-1.1.jar;C:\Users\mario\.m2\repository\com\sun\xml\bind\jaxb-impl\2.1.13\jaxb-impl-2.1.13.jar;C:\Users\mario\.m2\repository\org\apache\camel\camel-juel\2.9.2\camel-juel-2.9.2.jar;C:\Users\mario\.m2\repository\org\apache\geronimo\specs\geronimo-el_1.0_spec\1.0.1\geronimo-el_1.0_spec-1.0.1.jar;C:\Users\mario\.m2\repository\de\odysseus\juel\juel\2.1.2\juel-2.1.2.jar;C:\Users\mario\.m2\repository\org\springframework\spring-aop\1.2.6\spring-aop-1.2.6.jar;C:\Users\mario\.m2\repository\org\springframework\spring-beans\1.2.6\spring-beans-1.2.6.jar;C:\Users\mario\.m2\repository\commons-logging\commons-logging\1.0.4\commons-logging-1.0.4.jar;C:\Users\mario\.m2\repository\aopalliance\aopalliance\1.0\aopalliance-1.0.jar;C:\Users\mario\.m2\repository\oro\oro\2.0.8\oro-2.0.8.jar;C:\Users\mario\.m2\repository\org\apache\geronimo\specs\geronimo-jpa_2.0_spec\1.1\geronimo-jpa_2.0_spec-1.1.jar;C:\Users\mario\.m2\repository\org\slf4j\slf4j-log4j12\1.6.2\slf4j-log4j12-1.6.2.jar;C:\Users\mario\.m2\repository\org\slf4j\slf4j-api\1.6.2\slf4j-api-1.6.2.jar;C:\Users\mario\.m2\repository\log4j\log4j\1.2.17\log4j-1.2.17.jar;C:\Users\mario\.m2\repository\org\apache\derby\derby\10.9.1.0\derby-10.9.1.0.jar;C:\Users\mario\.m2\repository\org\apache\geronimo\specs\geronimo-jta_1.1_spec\1.1.1\geronimo-jta_1.1_spec-1.1.1.jar;C:\Users\mario\.m2\repository\commons-dbcp\commons-dbcp\1.4\commons-dbcp-1.4.jar;C:\Users\mario\.m2\repository\commons-pool\commons-pool\1.5.4\commons-pool-1.5.4.jar;C:\Users\mario\.m2\repository\junit\junit\4.10\junit-4.10.jar;C:\Users\mario\.m2\repository\org\hamcrest\hamcrest-core\1.1\hamcrest-core-1.1.jar;C:\Users\mario\.m2\repository\org\apache\openjpa\openjpa-persistence-jdbc\2.1.1\openjpa-persistence-jdbc-2.1.1.jar;C:\Users\mario\.m2\repository\org\apache\openjpa\openjpa-jdbc\2.1.1\openjpa-jdbc-2.1.1.jar;C:\Users\mario\.m2\repository\org\apache\openjpa\openjpa-kernel\2.1.1\openjpa-kernel-2.1.1.jar;C:\Users\mario\.m2\repository\org\apache\openjpa\openjpa-lib\2.1.1\openjpa-lib-2.1.1.jar;C:\Users\mario\.m2\repository\commons-lang\commons-lang\2.4\commons-lang-2.4.jar;C:\Users\mario\.m2\repository\commons-collections\commons-collections\3.2.1\commons-collections-3.2.1.jar;C:\Users\mario\.m2\repository\net\sourceforge\serp\serp\1.13.1\serp-1.13.1.jar;C:\Users\mario\.m2\repository\org\apache\geronimo\specs\geronimo-jms_1.1_spec\1.1.1\geronimo-jms_1.1_spec-1.1.1.jar;C:\Users\mario\.m2\repository\org\apache\openjpa\openjpa-persistence\2.1.1\openjpa-persistence-2.1.1.jar;"/>
    <property name="java.specification.name" value="Java Platform API Specification"/>
    <property name="java.class.version" value="50.0"/>
    <property name="sun.management.compiler" value="HotSpot 64-Bit Tiered Compilers"/>
    <property name="os.version" value="6.1"/>
    <property name="user.home" value="C:\Users\mario"/>
    <property name="user.timezone" value=""/>
    <property name="java.awt.printerjob" value="sun.awt.windows.WPrinterJob"/>
    <property name="java.specification.version" value="1.6"/>
    <property name="file.encoding" value="Cp1252"/>
    <property name="user.name" value="mario"/>
    <property name="java.class.path" value="D:\plugtree\workspace\raas_integration\target\test-classes;D:\plugtree\workspace\raas_integration\target\classes;C:\Users\mario\.m2\repository\org\apache\camel\camel-spring\2.9.2\camel-spring-2.9.2.jar;C:\Users\mario\.m2\repository\org\apache\camel\camel-core\2.9.2\camel-core-2.9.2.jar;C:\Users\mario\.m2\repository\org\springframework\spring-context\3.0.7.RELEASE\spring-context-3.0.7.RELEASE.jar;C:\Users\mario\.m2\repository\org\springframework\spring-core\3.0.7.RELEASE\spring-core-3.0.7.RELEASE.jar;C:\Users\mario\.m2\repository\org\springframework\spring-expression\3.0.7.RELEASE\spring-expression-3.0.7.RELEASE.jar;C:\Users\mario\.m2\repository\org\springframework\spring-asm\3.0.7.RELEASE\spring-asm-3.0.7.RELEASE.jar;C:\Users\mario\.m2\repository\org\springframework\spring-tx\3.0.7.RELEASE\spring-tx-3.0.7.RELEASE.jar;C:\Users\mario\.m2\repository\org\apache\camel\camel-jpa\2.9.2\camel-jpa-2.9.2.jar;C:\Users\mario\.m2\repository\org\springframework\spring-jdbc\3.0.7.RELEASE\spring-jdbc-3.0.7.RELEASE.jar;C:\Users\mario\.m2\repository\org\springframework\spring-orm\3.0.7.RELEASE\spring-orm-3.0.7.RELEASE.jar;C:\Users\mario\.m2\repository\org\apache\camel\camel-jaxb\2.9.2\camel-jaxb-2.9.2.jar;C:\Users\mario\.m2\repository\javax\xml\bind\jaxb-api\2.1\jaxb-api-2.1.jar;C:\Users\mario\.m2\repository\javax\xml\stream\stax-api\1.0-2\stax-api-1.0-2.jar;C:\Users\mario\.m2\repository\javax\activation\activation\1.1\activation-1.1.jar;C:\Users\mario\.m2\repository\com\sun\xml\bind\jaxb-impl\2.1.13\jaxb-impl-2.1.13.jar;C:\Users\mario\.m2\repository\org\apache\camel\camel-juel\2.9.2\camel-juel-2.9.2.jar;C:\Users\mario\.m2\repository\org\apache\geronimo\specs\geronimo-el_1.0_spec\1.0.1\geronimo-el_1.0_spec-1.0.1.jar;C:\Users\mario\.m2\repository\de\odysseus\juel\juel\2.1.2\juel-2.1.2.jar;C:\Users\mario\.m2\repository\org\springframework\spring-aop\1.2.6\spring-aop-1.2.6.jar;C:\Users\mario\.m2\repository\org\springframework\spring-beans\1.2.6\spring-beans-1.2.6.jar;C:\Users\mario\.m2\repository\commons-logging\commons-logging\1.0.4\commons-logging-1.0.4.jar;C:\Users\mario\.m2\repository\aopalliance\aopalliance\1.0\aopalliance-1.0.jar;C:\Users\mario\.m2\repository\oro\oro\2.0.8\oro-2.0.8.jar;C:\Users\mario\.m2\repository\org\apache\geronimo\specs\geronimo-jpa_2.0_spec\1.1\geronimo-jpa_2.0_spec-1.1.jar;C:\Users\mario\.m2\repository\org\slf4j\slf4j-log4j12\1.6.2\slf4j-log4j12-1.6.2.jar;C:\Users\mario\.m2\repository\org\slf4j\slf4j-api\1.6.2\slf4j-api-1.6.2.jar;C:\Users\mario\.m2\repository\log4j\log4j\1.2.17\log4j-1.2.17.jar;C:\Users\mario\.m2\repository\org\apache\derby\derby\10.9.1.0\derby-10.9.1.0.jar;C:\Users\mario\.m2\repository\org\apache\geronimo\specs\geronimo-jta_1.1_spec\1.1.1\geronimo-jta_1.1_spec-1.1.1.jar;C:\Users\mario\.m2\repository\commons-dbcp\commons-dbcp\1.4\commons-dbcp-1.4.jar;C:\Users\mario\.m2\repository\commons-pool\commons-pool\1.5.4\commons-pool-1.5.4.jar;C:\Users\mario\.m2\repository\junit\junit\4.10\junit-4.10.jar;C:\Users\mario\.m2\repository\org\hamcrest\hamcrest-core\1.1\hamcrest-core-1.1.jar;C:\Users\mario\.m2\repository\org\apache\openjpa\openjpa-persistence-jdbc\2.1.1\openjpa-persistence-jdbc-2.1.1.jar;C:\Users\mario\.m2\repository\org\apache\openjpa\openjpa-jdbc\2.1.1\openjpa-jdbc-2.1.1.jar;C:\Users\mario\.m2\repository\org\apache\openjpa\openjpa-kernel\2.1.1\openjpa-kernel-2.1.1.jar;C:\Users\mario\.m2\repository\org\apache\openjpa\openjpa-lib\2.1.1\openjpa-lib-2.1.1.jar;C:\Users\mario\.m2\repository\commons-lang\commons-lang\2.4\commons-lang-2.4.jar;C:\Users\mario\.m2\repository\commons-collections\commons-collections\3.2.1\commons-collections-3.2.1.jar;C:\Users\mario\.m2\repository\net\sourceforge\serp\serp\1.13.1\serp-1.13.1.jar;C:\Users\mario\.m2\repository\org\apache\geronimo\specs\geronimo-jms_1.1_spec\1.1.1\geronimo-jms_1.1_spec-1.1.1.jar;C:\Users\mario\.m2\repository\org\apache\openjpa\openjpa-persistence\2.1.1\openjpa-persistence-2.1.1.jar;"/>
    <property name="java.vm.specification.version" value="1.0"/>
    <property name="sun.arch.data.model" value="64"/>
    <property name="java.home" value="D:\tools\Java\jre"/>
    <property name="sun.java.command" value="D:\plugtree\workspace\raas_integration\target\surefire\surefirebooter12490804768505074.jar D:\plugtree\workspace\raas_integration\target\surefire\surefire3201120648187824850tmp D:\plugtree\workspace\raas_integration\target\surefire\surefire6106714675462926430tmp"/>
    <property name="java.specification.vendor" value="Sun Microsystems Inc."/>
    <property name="user.language" value="en"/>
    <property name="awt.toolkit" value="sun.awt.windows.WToolkit"/>
    <property name="java.vm.info" value="mixed mode"/>
    <property name="java.version" value="1.6.0_35"/>
    <property name="java.ext.dirs" value="D:\tools\Java\jre\lib\ext;C:\Windows\Sun\Java\lib\ext"/>
    <property name="sun.boot.class.path" value="D:\tools\Java\jre\lib\resources.jar;D:\tools\Java\jre\lib\rt.jar;D:\tools\Java\jre\lib\sunrsasign.jar;D:\tools\Java\jre\lib\jsse.jar;D:\tools\Java\jre\lib\jce.jar;D:\tools\Java\jre\lib\charsets.jar;D:\tools\Java\jre\lib\modules\jdk.boot.jar;D:\tools\Java\jre\classes"/>
    <property name="java.vendor" value="Sun Microsystems Inc."/>
    <property name="localRepository" value="C:\Users\mario\.m2\repository"/>
    <property name="file.separator" value="\"/>
    <property name="java.vendor.url.bug" value="http://java.sun.com/cgi-bin/bugreport.cgi"/>
    <property name="sun.cpu.endian" value="little"/>
    <property name="sun.io.unicode.encoding" value="UnicodeLittle"/>
    <property name="sun.desktop" value="windows"/>
    <property name="sun.cpu.isalist" value="amd64"/>
  </properties>
  <testcase time="0.522" classname="org.apache.camel.example.etl.IntegrationTest" name="testEtlRoutes">
    <error message="org/springframework/beans/factory/config/BeanExpressionResolver" type="java.lang.NoClassDefFoundError">java.lang.NoClassDefFoundError: org/springframework/beans/factory/config/BeanExpressionResolver
	at org.apache.camel.spring.Main.createDefaultApplicationContext(Main.java:186)
	at org.apache.camel.spring.Main.doStart(Main.java:140)
	at org.apache.camel.support.ServiceSupport.start(ServiceSupport.java:60)
	at org.apache.camel.main.MainSupport.run(MainSupport.java:139)
	at org.apache.camel.main.MainSupport.run(MainSupport.java:325)
	at org.apache.camel.spring.Main.main(Main.java:73)
	at org.apache.camel.example.etl.IntegrationTest.testEtlRoutes(IntegrationTest.java:29)
	at sun.reflect.NativeMethodAccessorImpl.invoke0(Native Method)
	at sun.reflect.NativeMethodAccessorImpl.invoke(NativeMethodAccessorImpl.java:39)
	at sun.reflect.DelegatingMethodAccessorImpl.invoke(DelegatingMethodAccessorImpl.java:25)
	at java.lang.reflect.Method.invoke(Method.java:597)
	at junit.framework.TestCase.runTest(TestCase.java:168)
	at junit.framework.TestCase.runBare(TestCase.java:134)
	at junit.framework.TestResult$1.protect(TestResult.java:110)
	at junit.framework.TestResult.runProtected(TestResult.java:128)
	at junit.framework.TestResult.run(TestResult.java:113)
	at junit.framework.TestCase.run(TestCase.java:124)
	at junit.framework.TestSuite.runTest(TestSuite.java:243)
	at junit.framework.TestSuite.run(TestSuite.java:238)
	at org.junit.internal.runners.JUnit38ClassRunner.run(JUnit38ClassRunner.java:83)
	at org.apache.maven.surefire.junit4.JUnit4TestSet.execute(JUnit4TestSet.java:35)
	at org.apache.maven.surefire.junit4.JUnit4Provider.executeTestSet(JUnit4Provider.java:115)
	at org.apache.maven.surefire.junit4.JUnit4Provider.invoke(JUnit4Provider.java:97)
	at sun.reflect.NativeMethodAccessorImpl.invoke0(Native Method)
	at sun.reflect.NativeMethodAccessorImpl.invoke(NativeMethodAccessorImpl.java:39)
	at sun.reflect.DelegatingMethodAccessorImpl.invoke(DelegatingMethodAccessorImpl.java:25)
	at java.lang.reflect.Method.invoke(Method.java:597)
	at org.apache.maven.surefire.booter.ProviderFactory$ClassLoaderProxy.invoke(ProviderFactory.java:103)
	at $Proxy0.invoke(Unknown Source)
	at org.apache.maven.surefire.booter.SurefireStarter.invokeProvider(SurefireStarter.java:150)
	at org.apache.maven.surefire.booter.SurefireStarter.runSuitesInProcess(SurefireStarter.java:91)
	at org.apache.maven.surefire.booter.ForkedBooter.main(ForkedBooter.java:69)
Caused by: java.lang.ClassNotFoundException: org.springframework.beans.factory.config.BeanExpressionResolver
	at java.net.URLClassLoader$1.run(URLClassLoader.java:202)
	at java.security.AccessController.doPrivileged(Native Method)
	at java.net.URLClassLoader.findClass(URLClassLoader.java:190)
	at java.lang.ClassLoader.loadClass(ClassLoader.java:306)
	at sun.misc.Launcher$AppClassLoader.loadClass(Launcher.java:301)
	at java.lang.ClassLoader.loadClass(ClassLoader.java:247)
	... 32 more
</error>
    <system-out>@HL
@HL-------------------------------------------------------
@HL T E S T S
@HL-------------------------------------------------------
@SLRunning org.apache.camel.example.etl.IntegrationTest
[                          main] MainSupport                    INFO  Apache Camel 2.9.2 starting
</system-out>
  </testcase>
</testsuite>